-- Found ament_cmake: 2.5.4 (/opt/ros/jazzy/share/ament_cmake/cmake)
-- Found Python3: /usr/bin/python3 (found version "3.12.3") found components: Interpreter 
-- Override CMake install command with custom implementation using symlinks instead of copying resources
-- Found ament_lint_auto: 0.17.2 (/opt/ros/jazzy/share/ament_lint_auto/cmake)
-- Found rosidl_default_generators: 1.6.0 (/opt/ros/jazzy/share/rosidl_default_generators/cmake)
-- Using all available rosidl_typesupport_c: rosidl_typesupport_fastrtps_c;rosidl_typesupport_introspection_c
-- Using all available rosidl_typesupport_cpp: rosidl_typesupport_fastrtps_cpp;rosidl_typesupport_introspection_cpp
-- Found rosidl_adapter: 4.6.5 (/opt/ros/jazzy/share/rosidl_adapter/cmake)
-- Found ament_cmake_ros: 0.12.0 (/opt/ros/jazzy/share/ament_cmake_ros/cmake)
-- Using all available rosidl_typesupport_c: rosidl_typesupport_fastrtps_c;rosidl_typesupport_introspection_c
-- Using all available rosidl_typesupport_cpp: rosidl_typesupport_fastrtps_cpp;rosidl_typesupport_introspection_cpp
-- Found python_cmake_module: 0.11.1 (/opt/ros/jazzy/share/python_cmake_module/cmake)
-- Found Python3: /usr/bin/python3 (found version "3.12.3") found components: Interpreter Development NumPy Development.Module Development.Embed 
-- Added test 'copyright' to check source files copyright and LICENSE
-- Added test 'lint_cmake' to check CMake code style
-- Added test 'xmllint' to check XML markup files
-- Configuring done (7.1s)
-- Generating done (0.3s)
-- Build files have been written to: /home/wilsonlo/dev_ws/build/serial_motor_demo_msgs
[  0%] Built target ament_cmake_python_symlink_serial_motor_demo_msgs
[  1%] Built target serial_motor_demo_msgs__rosidl_generator_type_description
[  3%] Built target serial_motor_demo_msgs__cpp
[  9%] [32mBuilding C object CMakeFiles/serial_motor_demo_msgs__rosidl_generator_c.dir/rosidl_generator_c/serial_motor_demo_msgs/msg/detail/motor_command__description.c.o[0m
[  9%] [32mBuilding C object CMakeFiles/serial_motor_demo_msgs__rosidl_generator_c.dir/rosidl_generator_c/serial_motor_demo_msgs/msg/detail/motor_command__type_support.c.o[0m
[  9%] [32mBuilding C object CMakeFiles/serial_motor_demo_msgs__rosidl_generator_c.dir/rosidl_generator_c/serial_motor_demo_msgs/msg/detail/motor_command__functions.c.o[0m
[ 12%] [32mBuilding C object CMakeFiles/serial_motor_demo_msgs__rosidl_generator_c.dir/rosidl_generator_c/serial_motor_demo_msgs/msg/detail/motor_vels__description.c.o[0m
[ 12%] [32mBuilding C object CMakeFiles/serial_motor_demo_msgs__rosidl_generator_c.dir/rosidl_generator_c/serial_motor_demo_msgs/msg/detail/motor_vels__functions.c.o[0m
[ 14%] [32mBuilding C object CMakeFiles/serial_motor_demo_msgs__rosidl_generator_c.dir/rosidl_generator_c/serial_motor_demo_msgs/msg/detail/motor_vels__type_support.c.o[0m
[ 16%] [32mBuilding C object CMakeFiles/serial_motor_demo_msgs__rosidl_generator_c.dir/rosidl_generator_c/serial_motor_demo_msgs/msg/detail/encoder_vals__description.c.o[0m
In file included from [01m[K/home/wilsonlo/dev_ws/build/serial_motor_demo_msgs/rosidl_generator_c/serial_motor_demo_msgs/msg/detail/motor_vels__type_support.c:5[m[K:
[01m[K/usr/include/string.h:26:10:[m[K [01;31m[Kfatal error: [m[Kbits/libc-header-start.h: No such file or directory
   26 | #include [01;31m[K<bits/libc-header-start.h>[m[K
      |          [01;31m[K^~~~~~~~~~~~~~~~~~~~~~~~~~[m[K
In file included from [01m[K/home/wilsonlo/dev_ws/build/serial_motor_demo_msgs/rosidl_generator_c/serial_motor_demo_msgs/msg/detail/motor_command__type_support.c:5[m[K:
[01m[K/usr/include/string.h:26:10:[m[K [01;31m[Kfatal error: [m[Kbits/libc-header-start.h: No such file or directory
   26 | #include [01;31m[K<bits/libc-header-start.h>[m[K
      |          [01;31m[K^~~~~~~~~~~~~~~~~~~~~~~~~~[m[K
In file included from [01m[K/home/wilsonlo/dev_ws/build/serial_motor_demo_msgs/rosidl_generator_c/serial_motor_demo_msgs/msg/detail/motor_vels__functions.h:17[m[K,
                 from [01m[K/home/wilsonlo/dev_ws/build/serial_motor_demo_msgs/rosidl_generator_c/serial_motor_demo_msgs/msg/detail/motor_vels__description.c:5[m[K:
[01m[K/usr/include/stdlib.h:26:10:[m[K [01;31m[Kfatal error: [m[Kbits/libc-header-start.h: No such file or directory
   26 | #include [01;31m[K<bits/libc-header-start.h>[m[K
      |          [01;31m[K^~~~~~~~~~~~~~~~~~~~~~~~~~[m[K
compilation terminated.
compilation terminated.
In file included from [01m[K/home/wilsonlo/dev_ws/build/serial_motor_demo_msgs/rosidl_generator_c/serial_motor_demo_msgs/msg/detail/motor_vels__functions.h:17[m[K,
                 from [01m[K/home/wilsonlo/dev_ws/build/serial_motor_demo_msgs/rosidl_generator_c/serial_motor_demo_msgs/msg/detail/motor_vels__functions.c:4[m[K:
[01m[K/usr/include/stdlib.h:26:10:[m[K [01;31m[Kfatal error: [m[Kbits/libc-header-start.h: No such file or directory
   26 | #include [01;31m[K<bits/libc-header-start.h>[m[K
      |          [01;31m[K^~~~~~~~~~~~~~~~~~~~~~~~~~[m[K
In file included from [01m[K/home/wilsonlo/dev_ws/build/serial_motor_demo_msgs/rosidl_generator_c/serial_motor_demo_msgs/msg/detail/motor_command__functions.h:17[m[K,
                 from [01m[K/home/wilsonlo/dev_ws/build/serial_motor_demo_msgs/rosidl_generator_c/serial_motor_demo_msgs/msg/detail/motor_command__description.c:5[m[K:
[01m[K/usr/include/stdlib.h:26:10:[m[K [01;31m[Kfatal error: [m[Kbits/libc-header-start.h: No such file or directory
   26 | #include [01;31m[K<bits/libc-header-start.h>[m[K
      |          [01;31m[K^~~~~~~~~~~~~~~~~~~~~~~~~~[m[K
compilation terminated.
In file included from [01m[K/home/wilsonlo/dev_ws/build/serial_motor_demo_msgs/rosidl_generator_c/serial_motor_demo_msgs/msg/detail/motor_command__functions.h:17[m[K,
                 from [01m[K/home/wilsonlo/dev_ws/build/serial_motor_demo_msgs/rosidl_generator_c/serial_motor_demo_msgs/msg/detail/motor_command__functions.c:4[m[K:
[01m[K/usr/include/stdlib.h:26:10:[m[K [01;31m[Kfatal error: [m[Kbits/libc-header-start.h: No such file or directory
   26 | #include [01;31m[K<bits/libc-header-start.h>[m[K
      |          [01;31m[K^~~~~~~~~~~~~~~~~~~~~~~~~~[m[K
In file included from [01m[K/home/wilsonlo/dev_ws/build/serial_motor_demo_msgs/rosidl_generator_c/serial_motor_demo_msgs/msg/detail/encoder_vals__functions.h:17[m[K,
                 from [01m[K/home/wilsonlo/dev_ws/build/serial_motor_demo_msgs/rosidl_generator_c/serial_motor_demo_msgs/msg/detail/encoder_vals__description.c:5[m[K:
[01m[K/usr/include/stdlib.h:26:10:[m[K [01;31m[Kfatal error: [m[Kbits/libc-header-start.h: No such file or directory
   26 | #include [01;31m[K<bits/libc-header-start.h>[m[K
      |          [01;31m[K^~~~~~~~~~~~~~~~~~~~~~~~~~[m[K
compilation terminated.
compilation terminated.
compilation terminated.
compilation terminated.
gmake[2]: *** [CMakeFiles/serial_motor_demo_msgs__rosidl_generator_c.dir/build.make:231: CMakeFiles/serial_motor_demo_msgs__rosidl_generator_c.dir/rosidl_generator_c/serial_motor_demo_msgs/msg/detail/motor_vels__type_support.c.o] Error 1
gmake[2]: *** Waiting for unfinished jobs....
gmake[2]: *** [CMakeFiles/serial_motor_demo_msgs__rosidl_generator_c.dir/build.make:175: CMakeFiles/serial_motor_demo_msgs__rosidl_generator_c.dir/rosidl_generator_c/serial_motor_demo_msgs/msg/detail/motor_command__functions.c.o] Error 1
gmake[2]: *** [CMakeFiles/serial_motor_demo_msgs__rosidl_generator_c.dir/build.make:189: CMakeFiles/serial_motor_demo_msgs__rosidl_generator_c.dir/rosidl_generator_c/serial_motor_demo_msgs/msg/detail/motor_command__type_support.c.o] Error 1
gmake[2]: *** [CMakeFiles/serial_motor_demo_msgs__rosidl_generator_c.dir/build.make:245: CMakeFiles/serial_motor_demo_msgs__rosidl_generator_c.dir/rosidl_generator_c/serial_motor_demo_msgs/msg/detail/encoder_vals__description.c.o] Error 1
gmake[2]: *** [CMakeFiles/serial_motor_demo_msgs__rosidl_generator_c.dir/build.make:203: CMakeFiles/serial_motor_demo_msgs__rosidl_generator_c.dir/rosidl_generator_c/serial_motor_demo_msgs/msg/detail/motor_vels__description.c.o] Error 1
gmake[2]: *** [CMakeFiles/serial_motor_demo_msgs__rosidl_generator_c.dir/build.make:161: CMakeFiles/serial_motor_demo_msgs__rosidl_generator_c.dir/rosidl_generator_c/serial_motor_demo_msgs/msg/detail/motor_command__description.c.o] Error 1
gmake[2]: *** [CMakeFiles/serial_motor_demo_msgs__rosidl_generator_c.dir/build.make:217: CMakeFiles/serial_motor_demo_msgs__rosidl_generator_c.dir/rosidl_generator_c/serial_motor_demo_msgs/msg/detail/motor_vels__functions.c.o] Error 1
gmake[1]: *** [CMakeFiles/Makefile2:241: CMakeFiles/serial_motor_demo_msgs__rosidl_generator_c.dir/all] Error 2
gmake[1]: *** Waiting for unfinished jobs....
running egg_info
writing serial_motor_demo_msgs.egg-info/PKG-INFO
writing dependency_links to serial_motor_demo_msgs.egg-info/dependency_links.txt
writing top-level names to serial_motor_demo_msgs.egg-info/top_level.txt
reading manifest file 'serial_motor_demo_msgs.egg-info/SOURCES.txt'
writing manifest file 'serial_motor_demo_msgs.egg-info/SOURCES.txt'
[ 16%] Built target ament_cmake_python_build_serial_motor_demo_msgs_egg
gmake: *** [Makefile:146: all] Error 2
